C166 COMPILER V7.53.0.0, SETTINGS                                                          08/29/2017 12:26:01 PAGE 1   


C166 COMPILER V7.53.0.0, COMPILATION OF MODULE SETTINGS
OBJECT MODULE PLACED IN settings.OBJ
COMPILER INVOKED BY: C:\Keil\C166\BIN\C166.EXE settings.c BROWSE MOD167 DEBUG TABS(2) 

 stmt lvl     source

    1         #include "settings.h"
    2         #include "flash.h"
    3         
    4         tSettings MainSettings;
    5         
    6         void  SETTINGS_Init()
    7         {
    8  1      
    9  1        if(!SETTINGS_Load())
   10  1        {
   11  2          SETTINGS_Default();
   12  2          SETTINGS_Save();
   13  2      
   14  2        }
   15  1      }
   16         
   17         void  SETTINGS_Default()
   18         {
   19  1        int i = 0;
   20  1        uint16  limitMin = 0;
   21  1        uint16  limitMax = 0;
   22  1        
   23  1          MainSettings.pulsePwrPeriod = 100;  
   24  1          MainSettings.pulseDuration = 100;
   25  1          MainSettings.modeValue = 1;
   26  1          
   27  1            MainSettings.mSliderSize = 10;
   28  1            MainSettings.mDeadTime = 0.0006f;
   29  1          
   30  1          #ifndef MAIN_RANGE
                    MainSettings.mEfficiency = 9.276f;
                    MainSettings.mSensivity = 383.0f;
                  
                      limitMin = 0;
                      limitMax = 1220;
                  #else
   37  1            MainSettings.mEfficiency = 8.4f;
   38  1            MainSettings.mSensivity = 1.26f;
   39  1            
   40  1              limitMin = 15;
   41  1              limitMax = 1470;
   42  1          #endif
   43  1            MainSettings.rangeLimits = (uint32)((uint32)limitMax << 16)|limitMin;
   44  1        
   45  1        for(i = 0;i<FACTORS_COUNT;i++)
   46  1          MainSettings.correctionFactors[i] = 1.0f;
   47  1        
   48  1        //MainSettings.timeSpan = 10;
   49  1      }
   50         
   51         void  SETTINGS_Save()
   52         {
   53  1        int i = 0,addr_counter = 0;
   54  1        
   55  1         uint16  *pSettings = (tSettings*)&MainSettings;
C166 COMPILER V7.53.0.0, SETTINGS                                                          08/29/2017 12:26:01 PAGE 2   

   56  1         uint16 sizeSettings = sizeof(MainSettings);
   57  1        
   58  1         uint16 chkSum = 0;
   59  1        
   60  1         for(i = 0;i<sizeSettings >> 1;i++)
   61  1            chkSum += *(pSettings + i);
   62  1        
   63  1        FLASH_EraseSector(0x22000);
   64  1        FLASH_FSRControl();
   65  1        
   66  1        FLASH_WriteWord(0x22000,chkSum);
   67  1        FLASH_FSRControl();
   68  1        
   69  1        for(i = 0;i<sizeSettings;i+=2)
   70  1        {
   71  2          FLASH_WriteWord(0x22002 + i,*(pSettings + addr_counter));
   72  2          FLASH_FSRControl();
   73  2          
   74  2      
   75  2          addr_counter++;
   76  2        }
   77  1      }
   78         uint8 SETTINGS_Load()
   79         {
   80  1        int i = 0;
   81  1        unsigned int far *addressChkSum = (unsigned int far *) 0x022000;
   82  1        unsigned int far *addressData = (unsigned int far *) 0x022002;
   83  1        
   84  1        uint16  *pSettings = (tSettings*)&MainSettings;
   85  1        uint16  dataSize = sizeof(MainSettings);
   86  1        uint16  chkSum = 0;
   87  1        
   88  1        for(i = 0;i<dataSize >> 1;i++){
   89  2          chkSum += *(addressData + i);
   90  2      
   91  2        }
   92  1      
   93  1        if(chkSum != *addressChkSum)
   94  1          return 0;
   95  1        
   96  1        
   97  1        for(i = 0;i<dataSize >> 1;i++){
   98  2          *(pSettings + i) = *(addressData + i);
   99  2          
  100  2        }
  101  1        return 1;
  102  1      }


MODULE INFORMATION:   INITIALIZED  UNINITIALIZED
  CODE SIZE        =         342     --------
  NEAR-CONST SIZE  =    --------     --------
  FAR-CONST SIZE   =    --------     --------
  HUGE-CONST SIZE  =    --------     --------
  XHUGE-CONST SIZE =    --------     --------
  NEAR-DATA SIZE   =          70     --------
  FAR-DATA SIZE    =    --------     --------
  XHUGE-DATA SIZE  =    --------     --------
  IDATA-DATA SIZE  =    --------     --------
  SDATA-DATA SIZE  =    --------     --------
  BDATA-DATA SIZE  =    --------     --------
  HUGE-DATA SIZE   =    --------     --------
C166 COMPILER V7.53.0.0, SETTINGS                                                          08/29/2017 12:26:01 PAGE 3   

  BIT SIZE         =    --------     --------
  INIT'L SIZE      =    --------     --------
END OF MODULE INFORMATION.


C166 COMPILATION COMPLETE.  0 WARNING(S),  0 ERROR(S)
